<?xml version="1.0" encoding="UTF-8"?>
<testng-results ignored="0" total="1" passed="1" failed="0" skipped="0">
  <reporter-output>
  </reporter-output>
  <suite started-at="2026-03-30T21:28:53 WITA" name="Surefire suite" finished-at="2026-03-30T21:28:58 WITA" duration-ms="5445">
    <groups>
    </groups>
    <test started-at="2026-03-30T21:28:53 WITA" name="Surefire test" finished-at="2026-03-30T21:28:58 WITA" duration-ms="5445">
      <class name="juaracoding.meisa.tests.InventoryTest">
        <test-method is-config="true" signature="setUp()[pri:0, instance:juaracoding.meisa.tests.InventoryTest@358ee631]" started-at="2026-03-30T21:28:53 WITA" name="setUp" finished-at="2026-03-30T21:28:58 WITA" duration-ms="5051" status="PASS">
          <reporter-output>
          </reporter-output>
        </test-method> <!-- setUp -->
        <test-method signature="testAddToCartPositive()[pri:1, instance:juaracoding.meisa.tests.InventoryTest@358ee631]" started-at="2026-03-30T21:28:58 WITA" name="testAddToCartPositive" finished-at="2026-03-30T21:28:58 WITA" duration-ms="178" status="PASS">
          <reporter-output>
          </reporter-output>
        </test-method> <!-- testAddToCartPositive -->
        <test-method is-config="true" signature="tearDown()[pri:0, instance:juaracoding.meisa.tests.InventoryTest@358ee631]" started-at="2026-03-30T21:28:58 WITA" name="tearDown" finished-at="2026-03-30T21:28:58 WITA" duration-ms="181" status="PASS">
          <reporter-output>
          </reporter-output>
        </test-method> <!-- tearDown -->
      </class> <!-- juaracoding.meisa.tests.InventoryTest -->
    </test> <!-- Surefire test -->
  </suite> <!-- Surefire suite -->
</testng-results>
